[debug] [2024-05-29T21:41:46.316Z] ----------------------------------------------------------------------
[debug] [2024-05-29T21:41:46.318Z] Command:       C:\Program Files\nodejs\node.exe C:\Users\Naveen\AppData\Roaming\npm\node_modules\firebase-tools\lib\bin\firebase.js login
[debug] [2024-05-29T21:41:46.319Z] CLI Version:   13.10.2
[debug] [2024-05-29T21:41:46.319Z] Platform:      win32
[debug] [2024-05-29T21:41:46.319Z] Node Version:  v21.7.0
[debug] [2024-05-29T21:41:46.320Z] Time:          Thu May 30 2024 03:11:46 GMT+0530 (India Standard Time)
[debug] [2024-05-29T21:41:46.320Z] ----------------------------------------------------------------------
[debug] 
[info] i  Firebase optionally collects CLI and Emulator Suite usage and error reporting information to help improve our products. Data is collected in accordance with Google's privacy policy (https://policies.google.com/privacy) and is not used to identify you.
 
[info] i  To change your data collection preference at any time, run `firebase logout` and log in again. 
[info] 
[info] Visit this URL on this device to log in:
[info] https://accounts.google.com/o/oauth2/auth?client_id=563584335869-fgrhgmd47bqnekij5i8b5pr03ho849e6.apps.googleusercontent.com&scope=email%20openid%20https%3A%2F%2Fwww.googleapis.com%2Fauth%2Fcloudplatformprojects.readonly%20https%3A%2F%2Fwww.googleapis.com%2Fauth%2Ffirebase%20https%3A%2F%2Fwww.googleapis.com%2Fauth%2Fcloud-platform&response_type=code&state=794536996&redirect_uri=http%3A%2F%2Flocalhost%3A9005
[info] 
[info] Waiting for authentication...
[debug] [2024-05-29T21:41:51.965Z] Error: spawn cmd ENOENT
    at ChildProcess._handle.onexit (node:internal/child_process:286:19)
    at onErrorNT (node:internal/child_process:484:16)
    at process.processTicksAndRejections (node:internal/process/task_queues:82:21)
[error] 
[error] Error: An unexpected error has occurred.
[debug] [2024-05-30T09:15:09.774Z] ----------------------------------------------------------------------
[debug] [2024-05-30T09:15:09.776Z] Command:       C:\Program Files\nodejs\node.exe C:\Users\Naveen\AppData\Roaming\npm\node_modules\firebase-tools\lib\bin\firebase.js login
[debug] [2024-05-30T09:15:09.777Z] CLI Version:   13.10.2
[debug] [2024-05-30T09:15:09.777Z] Platform:      win32
[debug] [2024-05-30T09:15:09.777Z] Node Version:  v21.7.0
[debug] [2024-05-30T09:15:09.777Z] Time:          Thu May 30 2024 14:45:09 GMT+0530 (India Standard Time)
[debug] [2024-05-30T09:15:09.777Z] ----------------------------------------------------------------------
[debug] 
[info] i  Firebase optionally collects CLI and Emulator Suite usage and error reporting information to help improve our products. Data is collected in accordance with Google's privacy policy (https://policies.google.com/privacy) and is not used to identify you.
 
[info] i  To change your data collection preference at any time, run `firebase logout` and log in again. 
[info] 
[info] Visit this URL on this device to log in:
[info] https://accounts.google.com/o/oauth2/auth?client_id=563584335869-fgrhgmd47bqnekij5i8b5pr03ho849e6.apps.googleusercontent.com&scope=email%20openid%20https%3A%2F%2Fwww.googleapis.com%2Fauth%2Fcloudplatformprojects.readonly%20https%3A%2F%2Fwww.googleapis.com%2Fauth%2Ffirebase%20https%3A%2F%2Fwww.googleapis.com%2Fauth%2Fcloud-platform&response_type=code&state=715994831&redirect_uri=http%3A%2F%2Flocalhost%3A9005
[info] 
[info] Waiting for authentication...
[debug] [2024-05-30T09:15:12.761Z] Error: spawn cmd ENOENT
    at ChildProcess._handle.onexit (node:internal/child_process:286:19)
    at onErrorNT (node:internal/child_process:484:16)
    at process.processTicksAndRejections (node:internal/process/task_queues:82:21)
[error] 
[error] Error: An unexpected error has occurred.
