[debug] [2024-05-29T22:04:49.481Z] ----------------------------------------------------------------------
[debug] [2024-05-29T22:04:49.484Z] Command:       C:\Program Files\nodejs\node.exe C:\Users\Naveen\AppData\Roaming\npm\node_modules\firebase-tools\lib\bin\firebase.js login
[debug] [2024-05-29T22:04:49.484Z] CLI Version:   13.10.2
[debug] [2024-05-29T22:04:49.484Z] Platform:      win32
[debug] [2024-05-29T22:04:49.484Z] Node Version:  v21.7.0
[debug] [2024-05-29T22:04:49.485Z] Time:          Thu May 30 2024 03:34:49 GMT+0530 (India Standard Time)
[debug] [2024-05-29T22:04:49.485Z] ----------------------------------------------------------------------
[debug] 
[info] i  Firebase optionally collects CLI and Emulator Suite usage and error reporting information to help improve our products. Data is collected in accordance with Google's privacy policy (https://policies.google.com/privacy) and is not used to identify you.
 
[info] 
[info] Visit this URL on this device to log in:
[info] https://accounts.google.com/o/oauth2/auth?client_id=563584335869-fgrhgmd47bqnekij5i8b5pr03ho849e6.apps.googleusercontent.com&scope=email%20openid%20https%3A%2F%2Fwww.googleapis.com%2Fauth%2Fcloudplatformprojects.readonly%20https%3A%2F%2Fwww.googleapis.com%2Fauth%2Ffirebase%20https%3A%2F%2Fwww.googleapis.com%2Fauth%2Fcloud-platform&response_type=code&state=412930407&redirect_uri=http%3A%2F%2Flocalhost%3A9005
[info] 
[info] Waiting for authentication...
[debug] [2024-05-29T22:04:53.173Z] Error: spawn cmd ENOENT
    at ChildProcess._handle.onexit (node:internal/child_process:286:19)
    at onErrorNT (node:internal/child_process:484:16)
    at process.processTicksAndRejections (node:internal/process/task_queues:82:21)
[error] 
[error] Error: An unexpected error has occurred.
[debug] [2024-05-29T22:05:03.239Z] ----------------------------------------------------------------------
[debug] [2024-05-29T22:05:03.243Z] Command:       C:\Program Files\nodejs\node.exe C:\Users\Naveen\AppData\Roaming\npm\node_modules\firebase-tools\lib\bin\firebase.js login
[debug] [2024-05-29T22:05:03.243Z] CLI Version:   13.10.2
[debug] [2024-05-29T22:05:03.243Z] Platform:      win32
[debug] [2024-05-29T22:05:03.243Z] Node Version:  v21.7.0
[debug] [2024-05-29T22:05:03.244Z] Time:          Thu May 30 2024 03:35:03 GMT+0530 (India Standard Time)
[debug] [2024-05-29T22:05:03.244Z] ----------------------------------------------------------------------
[debug] 
[info] i  Firebase optionally collects CLI and Emulator Suite usage and error reporting information to help improve our products. Data is collected in accordance with Google's privacy policy (https://policies.google.com/privacy) and is not used to identify you.
 
[info] i  To change your data collection preference at any time, run `firebase logout` and log in again. 
[info] 
[info] Visit this URL on this device to log in:
[info] https://accounts.google.com/o/oauth2/auth?client_id=563584335869-fgrhgmd47bqnekij5i8b5pr03ho849e6.apps.googleusercontent.com&scope=email%20openid%20https%3A%2F%2Fwww.googleapis.com%2Fauth%2Fcloudplatformprojects.readonly%20https%3A%2F%2Fwww.googleapis.com%2Fauth%2Ffirebase%20https%3A%2F%2Fwww.googleapis.com%2Fauth%2Fcloud-platform&response_type=code&state=215442216&redirect_uri=http%3A%2F%2Flocalhost%3A9005
[info] 
[info] Waiting for authentication...
[debug] [2024-05-29T22:05:07.988Z] Error: spawn cmd ENOENT
    at ChildProcess._handle.onexit (node:internal/child_process:286:19)
    at onErrorNT (node:internal/child_process:484:16)
    at process.processTicksAndRejections (node:internal/process/task_queues:82:21)
[error] 
[error] Error: An unexpected error has occurred.
